2023-08-14 11:22:12.810 - INFO - 12016 - azureml.train.automl.run._log_activity:55 - ActivityStarted: GetOutput
2023-08-14 11:22:12.831 - INFO - 12016 - azureml.train.automl.run._log_activity:55 - ActivityStarted: GetOutput
2023-08-14 11:22:12.852 - INFO - 12016 - azureml.train.automl.run._log_activity:55 - ActivityStarted: GetChildren
2023-08-14 11:22:13.038 - INFO - 12016 - azureml.train.automl.run._log_activity:89 - ActivityCompleted: Activity=GetChildren, HowEnded=Success, Duration=185.9[ms]
2023-08-14 11:22:13.108 - INFO - 12016 - azureml.train.automl.run._log_activity:89 - ActivityCompleted: Activity=GetOutput, HowEnded=Success, Duration=276.7[ms]
2023-08-14 11:22:13.109 - INFO - 12016 - azureml.train.automl._model_download_utilities._log_activity:55 - ActivityStarted: DownloadModel
2023-08-14 11:22:19.507 - INFO - 12016 - azureml.automl.runtime.featurization.data_transformer.__init__:190 - Feature sweeping enabled: False
2023-08-14 11:22:19.508 - INFO - 12016 - azureml.automl.runtime.featurization.data_transformer.__init__:191 - Feature sweeping timeout: 86400
2023-08-14 11:22:22.042 - INFO - 12016 - azureml.train.automl._model_download_utilities._log_activity:89 - ActivityCompleted: Activity=DownloadModel, HowEnded=Success, Duration=8933.29[ms]
2023-08-14 11:22:22.045 - INFO - 12016 - azureml.train.automl.run._log_activity:89 - ActivityCompleted: Activity=GetOutput, HowEnded=Success, Duration=9234.47[ms]
2023-08-14 12:26:23.816 - INFO - 12016 - azureml.train.automl.run._log_activity:55 - ActivityStarted: GetOutput
2023-08-14 12:26:23.843 - INFO - 12016 - azureml.train.automl.run._log_activity:55 - ActivityStarted: GetOutput
2023-08-14 12:26:23.867 - INFO - 12016 - azureml.train.automl.run._log_activity:55 - ActivityStarted: GetChildren
2023-08-14 12:26:24.081 - INFO - 12016 - azureml.train.automl.run._log_activity:89 - ActivityCompleted: Activity=GetChildren, HowEnded=Success, Duration=214.62[ms]
2023-08-14 12:26:24.167 - INFO - 12016 - azureml.train.automl.run._log_activity:89 - ActivityCompleted: Activity=GetOutput, HowEnded=Success, Duration=324.06[ms]
2023-08-14 12:26:24.167 - INFO - 12016 - azureml.train.automl._model_download_utilities._log_activity:55 - ActivityStarted: DownloadModel
2023-08-14 12:26:24.610 - INFO - 12016 - azureml.automl.runtime.featurization.data_transformer.__init__:190 - Feature sweeping enabled: False
2023-08-14 12:26:24.610 - INFO - 12016 - azureml.automl.runtime.featurization.data_transformer.__init__:191 - Feature sweeping timeout: 86400
2023-08-14 12:26:24.641 - INFO - 12016 - azureml.train.automl._model_download_utilities._log_activity:89 - ActivityCompleted: Activity=DownloadModel, HowEnded=Success, Duration=473.75[ms]
2023-08-14 12:26:24.642 - INFO - 12016 - azureml.train.automl.run._log_activity:89 - ActivityCompleted: Activity=GetOutput, HowEnded=Success, Duration=825.44[ms]
